[debug] [2019-10-14T02:57:54.054Z] ----------------------------------------------------------------------
[debug] [2019-10-14T02:57:54.056Z] Command:       /usr/local/Cellar/node/12.9.1/bin/node /usr/local/bin/firebase deploy -m Manual deploy from home machine
[debug] [2019-10-14T02:57:54.056Z] CLI Version:   7.3.1
[debug] [2019-10-14T02:57:54.056Z] Platform:      darwin
[debug] [2019-10-14T02:57:54.056Z] Node Version:  v12.9.1
[debug] [2019-10-14T02:57:54.057Z] Time:          Sun Oct 13 2019 23:57:54 GMT-0300 (Brasilia Standard Time)
[debug] [2019-10-14T02:57:54.057Z] ----------------------------------------------------------------------
[debug] 
[debug] [2019-10-14T02:57:54.078Z] > command requires scopes: ["email","openid","https://www.googleapis.com/auth/cloudplatformprojects.readonly","https://www.googleapis.com/auth/firebase","https://www.googleapis.com/auth/cloud-platform"]
[debug] [2019-10-14T02:57:54.079Z] > authorizing via signed-in user
[debug] [2019-10-14T02:57:54.079Z] [iam] checking project desafio-stone-isaias for permissions ["datastore.indexes.create","datastore.indexes.delete","datastore.indexes.list","datastore.indexes.update","firebase.projects.get","firebasehosting.sites.update"]
[debug] [2019-10-14T02:57:54.080Z] >>> HTTP REQUEST POST https://cloudresourcemanager.googleapis.com/v1/projects/desafio-stone-isaias:testIamPermissions  

[debug] [2019-10-14T02:57:55.159Z] <<< HTTP RESPONSE 200
[debug] [2019-10-14T02:57:55.161Z] >>> HTTP REQUEST GET https://firebase.googleapis.com/v1beta1/projects/desafio-stone-isaias  
 
[debug] [2019-10-14T02:57:56.415Z] <<< HTTP RESPONSE 200
[info] 
[info] === Deploying to 'desafio-stone-isaias'...
[info] 
[info] i  deploying firestore, hosting
[info] i  firestore: checking firestore.rules for compilation errors...
[info] i  firestore: reading indexes from firestore.indexes.json...
[debug] [2019-10-14T02:57:56.420Z] >>> HTTP REQUEST POST https://firebaserules.googleapis.com/v1/projects/desafio-stone-isaias:test  

[debug] [2019-10-14T02:57:57.717Z] <<< HTTP RESPONSE 200
[info] ✔  firestore: rules file firestore.rules compiled successfully
[debug] [2019-10-14T02:57:57.719Z] >>> HTTP REQUEST POST https://firebasehosting.googleapis.com/v1beta1/sites/desafio-stone-isaias/versions  

[debug] [2019-10-14T02:57:59.381Z] <<< HTTP RESPONSE 200
[info] i  firestore: uploading rules firestore.rules...
[debug] [2019-10-14T02:57:59.383Z] >>> HTTP REQUEST POST https://firebaserules.googleapis.com/v1/projects/desafio-stone-isaias/rulesets  

[debug] [2019-10-14T02:57:59.383Z] >>> HTTP REQUEST GET https://firestore.googleapis.com/v1beta2/projects/desafio-stone-isaias/databases/(default)/collectionGroups/-/indexes  
 
[debug] [2019-10-14T02:57:59.867Z] <<< HTTP RESPONSE 200
[debug] [2019-10-14T02:57:59.868Z] [rules] created ruleset projects/desafio-stone-isaias/rulesets/417d1f4b-84f5-488f-be04-085e6328ebae
[debug] [2019-10-14T02:58:00.688Z] <<< HTTP RESPONSE 200
[debug] [2019-10-14T02:58:00.689Z] >>> HTTP REQUEST GET https://firestore.googleapis.com/v1beta2/projects/desafio-stone-isaias/databases/(default)/collectionGroups/-/fields?filter=indexConfig.usesAncestorConfig=false  
 
[debug] [2019-10-14T02:58:01.787Z] <<< HTTP RESPONSE 200
[info] ✔  firestore: deployed indexes in firestore.indexes.json successfully
[info] i  hosting[desafio-stone-isaias]: beginning deploy...
[info] i  hosting[desafio-stone-isaias]: found 18 files in build
[debug] [2019-10-14T02:58:01.800Z] [hosting] hash cache [YnVpbGQ] not populated
[debug] [2019-10-14T02:58:02.345Z] [hosting] hash cache [YnVpbGQ] stored for 18 files
[debug] [2019-10-14T02:58:02.346Z] [hosting][hash queue][FINAL]
[debug] [2019-10-14T02:58:02.346Z] >>> HTTP REQUEST POST https://firebasehosting.googleapis.com/v1beta1/sites/desafio-stone-isaias/versions/7acaaada26f76aef:populateFiles  
 <request body omitted>
[debug] [2019-10-14T02:58:03.964Z] <<< HTTP RESPONSE 200
[debug] [2019-10-14T02:58:03.967Z] [hosting][populate queue][FINAL]
[debug] [2019-10-14T02:58:03.967Z] [hosting] uploads queued: 6
